0 info it worked if it ends with ok
1 verbose cli [ 'node', '/usr/local/bin/npm', 'install', '-g', 'karma-cli' ]
2 info using npm@1.4.28
3 info using node@v0.10.32
4 verbose cache add [ 'karma-cli', null ]
5 verbose cache add name=undefined spec="karma-cli" args=["karma-cli",null]
6 verbose parsed url { protocol: null,
6 verbose parsed url   slashes: null,
6 verbose parsed url   auth: null,
6 verbose parsed url   host: null,
6 verbose parsed url   port: null,
6 verbose parsed url   hostname: null,
6 verbose parsed url   hash: null,
6 verbose parsed url   search: null,
6 verbose parsed url   query: null,
6 verbose parsed url   pathname: 'karma-cli',
6 verbose parsed url   path: 'karma-cli',
6 verbose parsed url   href: 'karma-cli' }
7 silly lockFile aa100f68-karma-cli karma-cli
8 verbose lock karma-cli /Users/robertfletcher/.npm/aa100f68-karma-cli.lock
9 silly lockFile aa100f68-karma-cli karma-cli
10 silly lockFile aa100f68-karma-cli karma-cli
11 verbose addNamed [ 'karma-cli', '' ]
12 verbose addNamed [ null, '*' ]
13 silly lockFile 8f6f2c72-karma-cli karma-cli@
14 verbose lock karma-cli@ /Users/robertfletcher/.npm/8f6f2c72-karma-cli.lock
15 silly addNameRange { name: 'karma-cli', range: '*', hasData: false }
16 verbose request where is /karma-cli
17 verbose request registry https://registry.npmjs.org/
18 verbose request id 9b283ffd503d8d22
19 verbose url raw /karma-cli
20 verbose url resolving [ 'https://registry.npmjs.org/', './karma-cli' ]
21 verbose url resolved https://registry.npmjs.org/karma-cli
22 verbose request where is https://registry.npmjs.org/karma-cli
23 info trying registry request attempt 1 at 08:59:29
24 http GET https://registry.npmjs.org/karma-cli
25 http 200 https://registry.npmjs.org/karma-cli
26 silly registry.get cb [ 200,
26 silly registry.get   { date: 'Tue, 28 Apr 2015 07:59:29 GMT',
26 silly registry.get     server: 'CouchDB/1.5.0 (Erlang OTP/R16B03)',
26 silly registry.get     etag: '"2MUL3QTCNLCIC861L5ENX5IQI"',
26 silly registry.get     'content-type': 'application/json',
26 silly registry.get     'cache-control': 'max-age=60',
26 silly registry.get     'content-length': '5965',
26 silly registry.get     'accept-ranges': 'bytes',
26 silly registry.get     via: '1.1 varnish',
26 silly registry.get     age: '0',
26 silly registry.get     'x-served-by': 'cache-lhr6332-LHR',
26 silly registry.get     'x-cache': 'HIT',
26 silly registry.get     'x-cache-hits': '1',
26 silly registry.get     'x-timer': 'S1430207969.602493,VS0,VE155',
26 silly registry.get     vary: 'Accept',
26 silly registry.get     'keep-alive': 'timeout=10, max=50',
26 silly registry.get     connection: 'Keep-Alive' } ]
27 silly addNameRange number 2 { name: 'karma-cli', range: '*', hasData: true }
28 silly addNameRange versions [ 'karma-cli', [ '0.0.1', '0.0.2', '0.0.3', '0.0.4' ] ]
29 verbose addNamed [ 'karma-cli', '0.0.4' ]
30 verbose addNamed [ '0.0.4', '0.0.4' ]
31 silly lockFile 0ef08b95-karma-cli-0-0-4 karma-cli@0.0.4
32 verbose lock karma-cli@0.0.4 /Users/robertfletcher/.npm/0ef08b95-karma-cli-0-0-4.lock
33 silly lockFile ad31c554-rg-karma-cli-karma-cli-0-0-4-tgz https://registry.npmjs.org/karma-cli/-/karma-cli-0.0.4.tgz
34 verbose lock https://registry.npmjs.org/karma-cli/-/karma-cli-0.0.4.tgz /Users/robertfletcher/.npm/ad31c554-rg-karma-cli-karma-cli-0-0-4-tgz.lock
35 verbose addRemoteTarball [ 'https://registry.npmjs.org/karma-cli/-/karma-cli-0.0.4.tgz',
35 verbose addRemoteTarball   '1840a6a2545754bb02100f09229cdd9963a6cf68' ]
36 info retry fetch attempt 1 at 08:59:30
37 verbose fetch to= /var/folders/rf/3_xzpp2d1j71w1vc__8j84th0000gn/T/npm-43752-OkCM_n9e/registry.npmjs.org/karma-cli/-/karma-cli-0.0.4.tgz
38 http GET https://registry.npmjs.org/karma-cli/-/karma-cli-0.0.4.tgz
39 http 200 https://registry.npmjs.org/karma-cli/-/karma-cli-0.0.4.tgz
40 silly lockFile ad31c554-rg-karma-cli-karma-cli-0-0-4-tgz https://registry.npmjs.org/karma-cli/-/karma-cli-0.0.4.tgz
41 silly lockFile ad31c554-rg-karma-cli-karma-cli-0-0-4-tgz https://registry.npmjs.org/karma-cli/-/karma-cli-0.0.4.tgz
42 silly lockFile 0ef08b95-karma-cli-0-0-4 karma-cli@0.0.4
43 silly lockFile 0ef08b95-karma-cli-0-0-4 karma-cli@0.0.4
44 silly lockFile 8f6f2c72-karma-cli karma-cli@
45 silly lockFile 8f6f2c72-karma-cli karma-cli@
46 silly resolved [ { name: 'karma-cli',
46 silly resolved     description: 'The Karma command line interface.',
46 silly resolved     homepage: 'http://karma-runner.github.io/',
46 silly resolved     repository:
46 silly resolved      { type: 'git',
46 silly resolved        url: 'git://github.com/karma-runner/karma-cli.git' },
46 silly resolved     bugs: { url: 'https://github.com/karma-runner/karma-cli/issues' },
46 silly resolved     keywords:
46 silly resolved      [ 'karma',
46 silly resolved        'spectacular',
46 silly resolved        'runner',
46 silly resolved        'karma',
46 silly resolved        'js',
46 silly resolved        'javascript',
46 silly resolved        'testing',
46 silly resolved        'test',
46 silly resolved        'remote',
46 silly resolved        'execution' ],
46 silly resolved     author: { name: 'Vojta Jína', email: 'vojta.jina@gmail.com' },
46 silly resolved     contributors: [ [Object] ],
46 silly resolved     dependencies: { resolve: '~0.5.1' },
46 silly resolved     peerDependencies: {},
46 silly resolved     devDependencies:
46 silly resolved      { grunt: '~0.4.1',
46 silly resolved        'grunt-contrib-jshint': '~0.7.2',
46 silly resolved        'grunt-coffeelint': '0.0.7',
46 silly resolved        'grunt-bump': '0.0.11',
46 silly resolved        'grunt-npm': '0.0.2',
46 silly resolved        'grunt-auto-release': '0.0.4',
46 silly resolved        'grunt-conventional-changelog': '~1.0.0' },
46 silly resolved     preferGlobal: true,
46 silly resolved     bin: { karma: './bin/karma' },
46 silly resolved     engines: { node: '~0.8 || ~0.10' },
46 silly resolved     version: '0.0.4',
46 silly resolved     _id: 'karma-cli@0.0.4',
46 silly resolved     dist:
46 silly resolved      { shasum: '1840a6a2545754bb02100f09229cdd9963a6cf68',
46 silly resolved        tarball: 'http://registry.npmjs.org/karma-cli/-/karma-cli-0.0.4.tgz' },
46 silly resolved     _from: 'karma-cli@',
46 silly resolved     _npmVersion: '1.3.21',
46 silly resolved     _npmUser: { name: 'vojtajina', email: 'vojta.jina@gmail.com' },
46 silly resolved     maintainers: [ [Object] ],
46 silly resolved     directories: {},
46 silly resolved     _shasum: '1840a6a2545754bb02100f09229cdd9963a6cf68',
46 silly resolved     _resolved: 'https://registry.npmjs.org/karma-cli/-/karma-cli-0.0.4.tgz' } ]
47 info install karma-cli@0.0.4 into /usr/local/lib
48 info installOne karma-cli@0.0.4
49 verbose lib/node_modules/karma-cli unbuild
50 verbose tar unpack /Users/robertfletcher/.npm/karma-cli/0.0.4/package.tgz
51 silly lockFile f15a2687-local-lib-node-modules-karma-cli tar:///usr/local/lib/node_modules/karma-cli
52 verbose lock tar:///usr/local/lib/node_modules/karma-cli /Users/robertfletcher/.npm/f15a2687-local-lib-node-modules-karma-cli.lock
53 silly lockFile 5d8711b2--npm-karma-cli-0-0-4-package-tgz tar:///Users/robertfletcher/.npm/karma-cli/0.0.4/package.tgz
54 verbose lock tar:///Users/robertfletcher/.npm/karma-cli/0.0.4/package.tgz /Users/robertfletcher/.npm/5d8711b2--npm-karma-cli-0-0-4-package-tgz.lock
55 silly gunzTarPerm modes [ '755', '644' ]
56 error Error: EACCES, mkdir '/usr/local/lib/node_modules/karma-cli'
56 error  { [Error: EACCES, mkdir '/usr/local/lib/node_modules/karma-cli']
56 error   errno: 3,
56 error   code: 'EACCES',
56 error   path: '/usr/local/lib/node_modules/karma-cli',
56 error   fstream_type: 'Directory',
56 error   fstream_path: '/usr/local/lib/node_modules/karma-cli',
56 error   fstream_class: 'DirWriter',
56 error   fstream_stack:
56 error    [ '/usr/local/lib/node_modules/npm/node_modules/fstream/lib/dir-writer.js:36:23',
56 error      '/usr/local/lib/node_modules/npm/node_modules/mkdirp/index.js:46:53',
56 error      'Object.oncomplete (fs.js:107:15)' ] }
57 error Please try running this command again as root/Administrator.
58 error System Darwin 14.1.0
59 error command "node" "/usr/local/bin/npm" "install" "-g" "karma-cli"
60 error cwd /Users/robertfletcher/WebstormProjects/MENG
61 error node -v v0.10.32
62 error npm -v 1.4.28
63 error path /usr/local/lib/node_modules/karma-cli
64 error fstream_path /usr/local/lib/node_modules/karma-cli
65 error fstream_type Directory
66 error fstream_class DirWriter
67 error code EACCES
68 error errno 3
69 error stack Error: EACCES, mkdir '/usr/local/lib/node_modules/karma-cli'
70 error fstream_stack /usr/local/lib/node_modules/npm/node_modules/fstream/lib/dir-writer.js:36:23
70 error fstream_stack /usr/local/lib/node_modules/npm/node_modules/mkdirp/index.js:46:53
70 error fstream_stack Object.oncomplete (fs.js:107:15)
71 verbose exit [ 3, true ]
